{"C:\\Users\\assbu\\Desktop\\coin_counter\\src\\closureCounter.js": {"path":"C:\\Users\\assbu\\Desktop\\coin_counter\\src\\closureCounter.js","statementMap":{"0":{"start":{"line":7,"column":23},"end":{"line":42,"column":3}},"1":{"start":{"line":9,"column":19},"end":{"line":15,"column":5}},"2":{"start":{"line":10,"column":6},"end":{"line":14,"column":7}},"3":{"start":{"line":11,"column":8},"end":{"line":11,"column":71}},"4":{"start":{"line":12,"column":8},"end":{"line":12,"column":29}},"5":{"start":{"line":13,"column":8},"end":{"line":13,"column":22}},"6":{"start":{"line":16,"column":16},"end":{"line":22,"column":5}},"7":{"start":{"line":17,"column":6},"end":{"line":21,"column":7}},"8":{"start":{"line":18,"column":8},"end":{"line":18,"column":68}},"9":{"start":{"line":19,"column":8},"end":{"line":19,"column":27}},"10":{"start":{"line":20,"column":8},"end":{"line":20,"column":22}},"11":{"start":{"line":23,"column":18},"end":{"line":29,"column":5}},"12":{"start":{"line":24,"column":6},"end":{"line":28,"column":7}},"13":{"start":{"line":25,"column":8},"end":{"line":25,"column":70}},"14":{"start":{"line":26,"column":8},"end":{"line":26,"column":28}},"15":{"start":{"line":27,"column":8},"end":{"line":27,"column":22}},"16":{"start":{"line":30,"column":18},"end":{"line":36,"column":5}},"17":{"start":{"line":31,"column":6},"end":{"line":35,"column":7}},"18":{"start":{"line":32,"column":8},"end":{"line":32,"column":69}},"19":{"start":{"line":33,"column":8},"end":{"line":33,"column":28}},"20":{"start":{"line":34,"column":8},"end":{"line":34,"column":22}},"21":{"start":{"line":37,"column":4},"end":{"line":37,"column":15}},"22":{"start":{"line":38,"column":4},"end":{"line":38,"column":12}},"23":{"start":{"line":39,"column":4},"end":{"line":39,"column":14}},"24":{"start":{"line":40,"column":4},"end":{"line":40,"column":14}},"25":{"start":{"line":41,"column":4},"end":{"line":41,"column":18}}},"fnMap":{"0":{"name":"(anonymous_0)","decl":{"start":{"line":7,"column":23},"end":{"line":7,"column":24}},"loc":{"start":{"line":7,"column":42},"end":{"line":42,"column":3}},"line":7},"1":{"name":"(anonymous_1)","decl":{"start":{"line":9,"column":19},"end":{"line":9,"column":20}},"loc":{"start":{"line":9,"column":25},"end":{"line":15,"column":5}},"line":9},"2":{"name":"(anonymous_2)","decl":{"start":{"line":16,"column":16},"end":{"line":16,"column":17}},"loc":{"start":{"line":16,"column":22},"end":{"line":22,"column":5}},"line":16},"3":{"name":"(anonymous_3)","decl":{"start":{"line":23,"column":18},"end":{"line":23,"column":19}},"loc":{"start":{"line":23,"column":24},"end":{"line":29,"column":5}},"line":23},"4":{"name":"(anonymous_4)","decl":{"start":{"line":30,"column":18},"end":{"line":30,"column":19}},"loc":{"start":{"line":30,"column":24},"end":{"line":36,"column":5}},"line":30}},"branchMap":{"0":{"loc":{"start":{"line":10,"column":6},"end":{"line":14,"column":7}},"type":"if","locations":[{"start":{"line":10,"column":6},"end":{"line":14,"column":7}},{"start":{"line":10,"column":6},"end":{"line":14,"column":7}}],"line":10},"1":{"loc":{"start":{"line":17,"column":6},"end":{"line":21,"column":7}},"type":"if","locations":[{"start":{"line":17,"column":6},"end":{"line":21,"column":7}},{"start":{"line":17,"column":6},"end":{"line":21,"column":7}}],"line":17},"2":{"loc":{"start":{"line":24,"column":6},"end":{"line":28,"column":7}},"type":"if","locations":[{"start":{"line":24,"column":6},"end":{"line":28,"column":7}},{"start":{"line":24,"column":6},"end":{"line":28,"column":7}}],"line":24},"3":{"loc":{"start":{"line":31,"column":6},"end":{"line":35,"column":7}},"type":"if","locations":[{"start":{"line":31,"column":6},"end":{"line":35,"column":7}},{"start":{"line":31,"column":6},"end":{"line":35,"column":7}}],"line":31}},"s":{"0":1,"1":5,"2":5,"3":2,"4":2,"5":2,"6":5,"7":5,"8":2,"9":2,"10":2,"11":5,"12":5,"13":2,"14":2,"15":2,"16":5,"17":5,"18":2,"19":2,"20":2,"21":5,"22":5,"23":5,"24":5,"25":5},"f":{"0":5,"1":5,"2":5,"3":5,"4":5},"b":{"0":[2,3],"1":[2,3],"2":[2,3],"3":[2,3]},"_coverageSchema":"43e27e138ebf9cfc5966b082cf9a028302ed4184","hash":"563d10eda86713910e45e5138a8692c60cbce1e8"}
,"C:\\Users\\assbu\\Desktop\\coin_counter\\src\\recursiveCounter.js": {"path":"C:\\Users\\assbu\\Desktop\\coin_counter\\src\\recursiveCounter.js","statementMap":{"0":{"start":{"line":1,"column":25},"end":{"line":23,"column":13}},"1":{"start":{"line":2,"column":2},"end":{"line":6,"column":12}}},"fnMap":{"0":{"name":"(anonymous_0)","decl":{"start":{"line":1,"column":25},"end":{"line":1,"column":26}},"loc":{"start":{"line":1,"column":44},"end":{"line":23,"column":13}},"line":1}},"branchMap":{"0":{"loc":{"start":{"line":2,"column":10},"end":{"line":6,"column":10}},"type":"cond-expr","locations":[{"start":{"line":2,"column":25},"end":{"line":2,"column":110}},{"start":{"line":3,"column":4},"end":{"line":6,"column":10}}],"line":2},"1":{"loc":{"start":{"line":3,"column":4},"end":{"line":6,"column":10}},"type":"cond-expr","locations":[{"start":{"line":3,"column":19},"end":{"line":3,"column":101}},{"start":{"line":4,"column":4},"end":{"line":6,"column":10}}],"line":3},"2":{"loc":{"start":{"line":4,"column":4},"end":{"line":6,"column":10}},"type":"cond-expr","locations":[{"start":{"line":4,"column":19},"end":{"line":4,"column":103}},{"start":{"line":5,"column":4},"end":{"line":6,"column":10}}],"line":4},"3":{"loc":{"start":{"line":5,"column":4},"end":{"line":6,"column":10}},"type":"cond-expr","locations":[{"start":{"line":5,"column":19},"end":{"line":5,"column":102}},{"start":{"line":6,"column":4},"end":{"line":6,"column":10}}],"line":5}},"s":{"0":1,"1":13},"f":{"0":13},"b":{"0":[2,11],"1":[2,9],"2":[2,7],"3":[2,5]},"_coverageSchema":"43e27e138ebf9cfc5966b082cf9a028302ed4184","hash":"339f8d11ea2346fb9161b4cb80991c7950df2d07"}
}
