TN:
SF:C:\Users\assbu\Desktop\coin_counter\src\closureCounter.js
FN:7,(anonymous_0)
FN:9,(anonymous_1)
FN:16,(anonymous_2)
FN:23,(anonymous_3)
FN:30,(anonymous_4)
FNF:5
FNH:5
FNDA:5,(anonymous_0)
FNDA:5,(anonymous_1)
FNDA:5,(anonymous_2)
FNDA:5,(anonymous_3)
FNDA:5,(anonymous_4)
DA:7,1
DA:9,5
DA:10,5
DA:11,2
DA:12,2
DA:13,2
DA:16,5
DA:17,5
DA:18,2
DA:19,2
DA:20,2
DA:23,5
DA:24,5
DA:25,2
DA:26,2
DA:27,2
DA:30,5
DA:31,5
DA:32,2
DA:33,2
DA:34,2
DA:37,5
DA:38,5
DA:39,5
DA:40,5
DA:41,5
LF:26
LH:26
BRDA:10,0,0,2
BRDA:10,0,1,3
BRDA:17,1,0,2
BRDA:17,1,1,3
BRDA:24,2,0,2
BRDA:24,2,1,3
BRDA:31,3,0,2
BRDA:31,3,1,3
BRF:8
BRH:8
end_of_record
TN:
SF:C:\Users\assbu\Desktop\coin_counter\src\recursiveCounter.js
FN:1,(anonymous_0)
FNF:1
FNH:1
FNDA:13,(anonymous_0)
DA:1,1
DA:2,13
LF:2
LH:2
BRDA:2,0,0,2
BRDA:2,0,1,11
BRDA:3,1,0,2
BRDA:3,1,1,9
BRDA:4,2,0,2
BRDA:4,2,1,7
BRDA:5,3,0,2
BRDA:5,3,1,5
BRF:8
BRH:8
end_of_record
